The system is: Linux - 5.4.0-186-generic - x86_64
Compiling the C compiler identification source file "CMakeCCompilerId.c" succeeded.
Compiler: /usr/bin/cc 
Build flags: ;-ffunction-sections;-fdata-sections;-fPIC;-m64
Id flags:  

The output was:
0


Compilation of the C compiler identification source "CMakeCCompilerId.c" produced "a.out"

The C compiler identification is GNU, found in "/home/nick/soft/adaptive_sampling_scripts/rust_scripts/get_groups/target/release/build/libz-sys-702be3ea2352c995/out/build/CMakeFiles/3.16.3/CompilerIdC/a.out"

Determining if the C compiler works passed with the following output:
Change Dir: /home/nick/soft/adaptive_sampling_scripts/rust_scripts/get_groups/target/release/build/libz-sys-702be3ea2352c995/out/build/CMakeFiles/CMakeTmp

Run Build Command(s):/usr/bin/make cmTC_a4466/fast && /usr/bin/make -f CMakeFiles/cmTC_a4466.dir/build.make CMakeFiles/cmTC_a4466.dir/build
make[1]: Entering directory '/home/nick/soft/adaptive_sampling_scripts/rust_scripts/get_groups/target/release/build/libz-sys-702be3ea2352c995/out/build/CMakeFiles/CMakeTmp'
Building C object CMakeFiles/cmTC_a4466.dir/testCCompiler.c.o
/usr/bin/cc   -ffunction-sections -fdata-sections -fPIC -m64    -std=c11 -o CMakeFiles/cmTC_a4466.dir/testCCompiler.c.o   -c /home/nick/soft/adaptive_sampling_scripts/rust_scripts/get_groups/target/release/build/libz-sys-702be3ea2352c995/out/build/CMakeFiles/CMakeTmp/testCCompiler.c
Linking C executable cmTC_a4466
/usr/bin/cmake -E cmake_link_script CMakeFiles/cmTC_a4466.dir/link.txt --verbose=1
/usr/bin/cc  -ffunction-sections -fdata-sections -fPIC -m64     CMakeFiles/cmTC_a4466.dir/testCCompiler.c.o  -o cmTC_a4466 
make[1]: Leaving directory '/home/nick/soft/adaptive_sampling_scripts/rust_scripts/get_groups/target/release/build/libz-sys-702be3ea2352c995/out/build/CMakeFiles/CMakeTmp'



Detecting C compiler ABI info compiled with the following output:
Change Dir: /home/nick/soft/adaptive_sampling_scripts/rust_scripts/get_groups/target/release/build/libz-sys-702be3ea2352c995/out/build/CMakeFiles/CMakeTmp

Run Build Command(s):/usr/bin/make cmTC_84676/fast && /usr/bin/make -f CMakeFiles/cmTC_84676.dir/build.make CMakeFiles/cmTC_84676.dir/build
make[1]: Entering directory '/home/nick/soft/adaptive_sampling_scripts/rust_scripts/get_groups/target/release/build/libz-sys-702be3ea2352c995/out/build/CMakeFiles/CMakeTmp'
Building C object CMakeFiles/cmTC_84676.dir/CMakeCCompilerABI.c.o
/usr/bin/cc   -ffunction-sections -fdata-sections -fPIC -m64    -v -std=c11 -o CMakeFiles/cmTC_84676.dir/CMakeCCompilerABI.c.o   -c /usr/share/cmake-3.16/Modules/CMakeCCompilerABI.c
Using built-in specs.
COLLECT_GCC=/usr/bin/cc
OFFLOAD_TARGET_NAMES=nvptx-none:hsa
OFFLOAD_TARGET_DEFAULT=1
Target: x86_64-linux-gnu
Configured with: ../src/configure -v --with-pkgversion='Ubuntu 9.4.0-1ubuntu1~20.04.2' --with-bugurl=file:///usr/share/doc/gcc-9/README.Bugs --enable-languages=c,ada,c++,go,brig,d,fortran,objc,obj-c++,gm2 --prefix=/usr --with-gcc-major-version-only --program-suffix=-9 --program-prefix=x86_64-linux-gnu- --enable-shared --enable-linker-build-id --libexecdir=/usr/lib --without-included-gettext --enable-threads=posix --libdir=/usr/lib --enable-nls --enable-clocale=gnu --enable-libstdcxx-debug --enable-libstdcxx-time=yes --with-default-libstdcxx-abi=new --enable-gnu-unique-object --disable-vtable-verify --enable-plugin --enable-default-pie --with-system-zlib --with-target-system-zlib=auto --enable-objc-gc=auto --enable-multiarch --disable-werror --with-arch-32=i686 --with-abi=m64 --with-multilib-list=m32,m64,mx32 --enable-multilib --with-tune=generic --enable-offload-targets=nvptx-none=/build/gcc-9-9QDOt0/gcc-9-9.4.0/debian/tmp-nvptx/usr,hsa --without-cuda-driver --enable-checking=release --build=x86_64-linux-gnu --host=x86_64-linux-gnu --target=x86_64-linux-gnu
Thread model: posix
gcc version 9.4.0 (Ubuntu 9.4.0-1ubuntu1~20.04.2) 
COLLECT_GCC_OPTIONS='-ffunction-sections' '-fdata-sections' '-fPIC' '-m64' '-v' '-std=c11' '-o' 'CMakeFiles/cmTC_84676.dir/CMakeCCompilerABI.c.o' '-c' '-mtune=generic' '-march=x86-64'
 /usr/lib/gcc/x86_64-linux-gnu/9/cc1 -quiet -v -imultiarch x86_64-linux-gnu /usr/share/cmake-3.16/Modules/CMakeCCompilerABI.c -quiet -dumpbase CMakeCCompilerABI.c -m64 -mtune=generic -march=x86-64 -auxbase-strip CMakeFiles/cmTC_84676.dir/CMakeCCompilerABI.c.o -std=c11 -version -ffunction-sections -fdata-sections -fPIC -fasynchronous-unwind-tables -fstack-protector-strong -Wformat -Wformat-security -fstack-clash-protection -fcf-protection -o /tmp/ccOuiY6L.s
GNU C11 (Ubuntu 9.4.0-1ubuntu1~20.04.2) version 9.4.0 (x86_64-linux-gnu)
	compiled by GNU C version 9.4.0, GMP version 6.2.0, MPFR version 4.0.2, MPC version 1.1.0, isl version isl-0.22.1-GMP

GGC heuristics: --param ggc-min-expand=100 --param ggc-min-heapsize=131072
ignoring nonexistent directory "/usr/local/include/x86_64-linux-gnu"
ignoring nonexistent directory "/usr/lib/gcc/x86_64-linux-gnu/9/include-fixed"
ignoring nonexistent directory "/usr/lib/gcc/x86_64-linux-gnu/9/../../../../x86_64-linux-gnu/include"
#include "..." search starts here:
#include <...> search starts here:
 /usr/lib/gcc/x86_64-linux-gnu/9/include
 /usr/local/include
 /usr/include/x86_64-linux-gnu
 /usr/include
End of search list.
GNU C11 (Ubuntu 9.4.0-1ubuntu1~20.04.2) version 9.4.0 (x86_64-linux-gnu)
	compiled by GNU C version 9.4.0, GMP version 6.2.0, MPFR version 4.0.2, MPC version 1.1.0, isl version isl-0.22.1-GMP

GGC heuristics: --param ggc-min-expand=100 --param ggc-min-heapsize=131072
Compiler executable checksum: 01da938ff5dc2163489aa33cb3b747a7
COLLECT_GCC_OPTIONS='-ffunction-sections' '-fdata-sections' '-fPIC' '-m64' '-v' '-std=c11' '-o' 'CMakeFiles/cmTC_84676.dir/CMakeCCompilerABI.c.o' '-c' '-mtune=generic' '-march=x86-64'
 as -v --64 -o CMakeFiles/cmTC_84676.dir/CMakeCCompilerABI.c.o /tmp/ccOuiY6L.s
GNU assembler version 2.34 (x86_64-linux-gnu) using BFD version (GNU Binutils for Ubuntu) 2.34
COMPILER_PATH=/usr/lib/gcc/x86_64-linux-gnu/9/:/usr/lib/gcc/x86_64-linux-gnu/9/:/usr/lib/gcc/x86_64-linux-gnu/:/usr/lib/gcc/x86_64-linux-gnu/9/:/usr/lib/gcc/x86_64-linux-gnu/
LIBRARY_PATH=/usr/lib/gcc/x86_64-linux-gnu/9/:/usr/lib/gcc/x86_64-linux-gnu/9/../../../x86_64-linux-gnu/:/usr/lib/gcc/x86_64-linux-gnu/9/../../../../lib/:/lib/x86_64-linux-gnu/:/lib/../lib/:/usr/lib/x86_64-linux-gnu/:/usr/lib/../lib/:/usr/lib/gcc/x86_64-linux-gnu/9/../../../:/lib/:/usr/lib/
COLLECT_GCC_OPTIONS='-ffunction-sections' '-fdata-sections' '-fPIC' '-m64' '-v' '-std=c11' '-o' 'CMakeFiles/cmTC_84676.dir/CMakeCCompilerABI.c.o' '-c' '-mtune=generic' '-march=x86-64'
Linking C executable cmTC_84676
/usr/bin/cmake -E cmake_link_script CMakeFiles/cmTC_84676.dir/link.txt --verbose=1
/usr/bin/cc  -ffunction-sections -fdata-sections -fPIC -m64    -v CMakeFiles/cmTC_84676.dir/CMakeCCompilerABI.c.o  -o cmTC_84676 
Using built-in specs.
COLLECT_GCC=/usr/bin/cc
COLLECT_LTO_WRAPPER=/usr/lib/gcc/x86_64-linux-gnu/9/lto-wrapper
OFFLOAD_TARGET_NAMES=nvptx-none:hsa
OFFLOAD_TARGET_DEFAULT=1
Target: x86_64-linux-gnu
Configured with: ../src/configure -v --with-pkgversion='Ubuntu 9.4.0-1ubuntu1~20.04.2' --with-bugurl=file:///usr/share/doc/gcc-9/README.Bugs --enable-languages=c,ada,c++,go,brig,d,fortran,objc,obj-c++,gm2 --prefix=/usr --with-gcc-major-version-only --program-suffix=-9 --program-prefix=x86_64-linux-gnu- --enable-shared --enable-linker-build-id --libexecdir=/usr/lib --without-included-gettext --enable-threads=posix --libdir=/usr/lib --enable-nls --enable-clocale=gnu --enable-libstdcxx-debug --enable-libstdcxx-time=yes --with-default-libstdcxx-abi=new --enable-gnu-unique-object --disable-vtable-verify --enable-plugin --enable-default-pie --with-system-zlib --with-target-system-zlib=auto --enable-objc-gc=auto --enable-multiarch --disable-werror --with-arch-32=i686 --with-abi=m64 --with-multilib-list=m32,m64,mx32 --enable-multilib --with-tune=generic --enable-offload-targets=nvptx-none=/build/gcc-9-9QDOt0/gcc-9-9.4.0/debian/tmp-nvptx/usr,hsa --without-cuda-driver --enable-checking=release --build=x86_64-linux-gnu --host=x86_64-linux-gnu --target=x86_64-linux-gnu
Thread model: posix
gcc version 9.4.0 (Ubuntu 9.4.0-1ubuntu1~20.04.2) 
COMPILER_PATH=/usr/lib/gcc/x86_64-linux-gnu/9/:/usr/lib/gcc/x86_64-linux-gnu/9/:/usr/lib/gcc/x86_64-linux-gnu/:/usr/lib/gcc/x86_64-linux-gnu/9/:/usr/lib/gcc/x86_64-linux-gnu/
LIBRARY_PATH=/usr/lib/gcc/x86_64-linux-gnu/9/:/usr/lib/gcc/x86_64-linux-gnu/9/../../../x86_64-linux-gnu/:/usr/lib/gcc/x86_64-linux-gnu/9/../../../../lib/:/lib/x86_64-linux-gnu/:/lib/../lib/:/usr/lib/x86_64-linux-gnu/:/usr/lib/../lib/:/usr/lib/gcc/x86_64-linux-gnu/9/../../../:/lib/:/usr/lib/
COLLECT_GCC_OPTIONS='-ffunction-sections' '-fdata-sections' '-fPIC' '-m64' '-v' '-o' 'cmTC_84676' '-mtune=generic' '-march=x86-64'
 /usr/lib/gcc/x86_64-linux-gnu/9/collect2 -plugin /usr/lib/gcc/x86_64-linux-gnu/9/liblto_plugin.so -plugin-opt=/usr/lib/gcc/x86_64-linux-gnu/9/lto-wrapper -plugin-opt=-fresolution=/tmp/ccQbuRhe.res -plugin-opt=-pass-through=-lgcc -plugin-opt=-pass-through=-lgcc_s -plugin-opt=-pass-through=-lc -plugin-opt=-pass-through=-lgcc -plugin-opt=-pass-through=-lgcc_s --build-id --eh-frame-hdr -m elf_x86_64 --hash-style=gnu --as-needed -dynamic-linker /lib64/ld-linux-x86-64.so.2 -pie -z now -z relro -o cmTC_84676 /usr/lib/gcc/x86_64-linux-gnu/9/../../../x86_64-linux-gnu/Scrt1.o /usr/lib/gcc/x86_64-linux-gnu/9/../../../x86_64-linux-gnu/crti.o /usr/lib/gcc/x86_64-linux-gnu/9/crtbeginS.o -L/usr/lib/gcc/x86_64-linux-gnu/9 -L/usr/lib/gcc/x86_64-linux-gnu/9/../../../x86_64-linux-gnu -L/usr/lib/gcc/x86_64-linux-gnu/9/../../../../lib -L/lib/x86_64-linux-gnu -L/lib/../lib -L/usr/lib/x86_64-linux-gnu -L/usr/lib/../lib -L/usr/lib/gcc/x86_64-linux-gnu/9/../../.. CMakeFiles/cmTC_84676.dir/CMakeCCompilerABI.c.o -lgcc --push-state --as-needed -lgcc_s --pop-state -lc -lgcc --push-state --as-needed -lgcc_s --pop-state /usr/lib/gcc/x86_64-linux-gnu/9/crtendS.o /usr/lib/gcc/x86_64-linux-gnu/9/../../../x86_64-linux-gnu/crtn.o
COLLECT_GCC_OPTIONS='-ffunction-sections' '-fdata-sections' '-fPIC' '-m64' '-v' '-o' 'cmTC_84676' '-mtune=generic' '-march=x86-64'
make[1]: Leaving directory '/home/nick/soft/adaptive_sampling_scripts/rust_scripts/get_groups/target/release/build/libz-sys-702be3ea2352c995/out/build/CMakeFiles/CMakeTmp'



Parsed C implicit include dir info from above output: rv=done
  found start of include info
  found start of implicit include info
    add: [/usr/lib/gcc/x86_64-linux-gnu/9/include]
    add: [/usr/local/include]
    add: [/usr/include/x86_64-linux-gnu]
    add: [/usr/include]
  end of search list found
  collapse include dir [/usr/lib/gcc/x86_64-linux-gnu/9/include] ==> [/usr/lib/gcc/x86_64-linux-gnu/9/include]
  collapse include dir [/usr/local/include] ==> [/usr/local/include]
  collapse include dir [/usr/include/x86_64-linux-gnu] ==> [/usr/include/x86_64-linux-gnu]
  collapse include dir [/usr/include] ==> [/usr/include]
  implicit include dirs: [/usr/lib/gcc/x86_64-linux-gnu/9/include;/usr/local/include;/usr/include/x86_64-linux-gnu;/usr/include]


Parsed C implicit link information from above output:
  link line regex: [^( *|.*[/\])(ld|CMAKE_LINK_STARTFILE-NOTFOUND|([^/\]+-)?ld|collect2)[^/\]*( |$)]
  ignore line: [Change Dir: /home/nick/soft/adaptive_sampling_scripts/rust_scripts/get_groups/target/release/build/libz-sys-702be3ea2352c995/out/build/CMakeFiles/CMakeTmp]
  ignore line: []
  ignore line: [Run Build Command(s):/usr/bin/make cmTC_84676/fast && /usr/bin/make -f CMakeFiles/cmTC_84676.dir/build.make CMakeFiles/cmTC_84676.dir/build]
  ignore line: [make[1]: Entering directory '/home/nick/soft/adaptive_sampling_scripts/rust_scripts/get_groups/target/release/build/libz-sys-702be3ea2352c995/out/build/CMakeFiles/CMakeTmp']
  ignore line: [Building C object CMakeFiles/cmTC_84676.dir/CMakeCCompilerABI.c.o]
  ignore line: [/usr/bin/cc   -ffunction-sections -fdata-sections -fPIC -m64    -v -std=c11 -o CMakeFiles/cmTC_84676.dir/CMakeCCompilerABI.c.o   -c /usr/share/cmake-3.16/Modules/CMakeCCompilerABI.c]
  ignore line: [Using built-in specs.]
  ignore line: [COLLECT_GCC=/usr/bin/cc]
  ignore line: [OFFLOAD_TARGET_NAMES=nvptx-none:hsa]
  ignore line: [OFFLOAD_TARGET_DEFAULT=1]
  ignore line: [Target: x86_64-linux-gnu]
  ignore line: [Configured with: ../src/configure -v --with-pkgversion='Ubuntu 9.4.0-1ubuntu1~20.04.2' --with-bugurl=file:///usr/share/doc/gcc-9/README.Bugs --enable-languages=c ada c++ go brig d fortran objc obj-c++ gm2 --prefix=/usr --with-gcc-major-version-only --program-suffix=-9 --program-prefix=x86_64-linux-gnu- --enable-shared --enable-linker-build-id --libexecdir=/usr/lib --without-included-gettext --enable-threads=posix --libdir=/usr/lib --enable-nls --enable-clocale=gnu --enable-libstdcxx-debug --enable-libstdcxx-time=yes --with-default-libstdcxx-abi=new --enable-gnu-unique-object --disable-vtable-verify --enable-plugin --enable-default-pie --with-system-zlib --with-target-system-zlib=auto --enable-objc-gc=auto --enable-multiarch --disable-werror --with-arch-32=i686 --with-abi=m64 --with-multilib-list=m32 m64 mx32 --enable-multilib --with-tune=generic --enable-offload-targets=nvptx-none=/build/gcc-9-9QDOt0/gcc-9-9.4.0/debian/tmp-nvptx/usr hsa --without-cuda-driver --enable-checking=release --build=x86_64-linux-gnu --host=x86_64-linux-gnu --target=x86_64-linux-gnu]
  ignore line: [Thread model: posix]
  ignore line: [gcc version 9.4.0 (Ubuntu 9.4.0-1ubuntu1~20.04.2) ]
  ignore line: [COLLECT_GCC_OPTIONS='-ffunction-sections' '-fdata-sections' '-fPIC' '-m64' '-v' '-std=c11' '-o' 'CMakeFiles/cmTC_84676.dir/CMakeCCompilerABI.c.o' '-c' '-mtune=generic' '-march=x86-64']
  ignore line: [ /usr/lib/gcc/x86_64-linux-gnu/9/cc1 -quiet -v -imultiarch x86_64-linux-gnu /usr/share/cmake-3.16/Modules/CMakeCCompilerABI.c -quiet -dumpbase CMakeCCompilerABI.c -m64 -mtune=generic -march=x86-64 -auxbase-strip CMakeFiles/cmTC_84676.dir/CMakeCCompilerABI.c.o -std=c11 -version -ffunction-sections -fdata-sections -fPIC -fasynchronous-unwind-tables -fstack-protector-strong -Wformat -Wformat-security -fstack-clash-protection -fcf-protection -o /tmp/ccOuiY6L.s]
  ignore line: [GNU C11 (Ubuntu 9.4.0-1ubuntu1~20.04.2) version 9.4.0 (x86_64-linux-gnu)]
  ignore line: [	compiled by GNU C version 9.4.0  GMP version 6.2.0  MPFR version 4.0.2  MPC version 1.1.0  isl version isl-0.22.1-GMP]
  ignore line: []
  ignore line: [GGC heuristics: --param ggc-min-expand=100 --param ggc-min-heapsize=131072]
  ignore line: [ignoring nonexistent directory "/usr/local/include/x86_64-linux-gnu"]
  ignore line: [ignoring nonexistent directory "/usr/lib/gcc/x86_64-linux-gnu/9/include-fixed"]
  ignore line: [ignoring nonexistent directory "/usr/lib/gcc/x86_64-linux-gnu/9/../../../../x86_64-linux-gnu/include"]
  ignore line: [#include "..." search starts here:]
  ignore line: [#include <...> search starts here:]
  ignore line: [ /usr/lib/gcc/x86_64-linux-gnu/9/include]
  ignore line: [ /usr/local/include]
  ignore line: [ /usr/include/x86_64-linux-gnu]
  ignore line: [ /usr/include]
  ignore line: [End of search list.]
  ignore line: [GNU C11 (Ubuntu 9.4.0-1ubuntu1~20.04.2) version 9.4.0 (x86_64-linux-gnu)]
  ignore line: [	compiled by GNU C version 9.4.0  GMP version 6.2.0  MPFR version 4.0.2  MPC version 1.1.0  isl version isl-0.22.1-GMP]
  ignore line: []
  ignore line: [GGC heuristics: --param ggc-min-expand=100 --param ggc-min-heapsize=131072]
  ignore line: [Compiler executable checksum: 01da938ff5dc2163489aa33cb3b747a7]
  ignore line: [COLLECT_GCC_OPTIONS='-ffunction-sections' '-fdata-sections' '-fPIC' '-m64' '-v' '-std=c11' '-o' 'CMakeFiles/cmTC_84676.dir/CMakeCCompilerABI.c.o' '-c' '-mtune=generic' '-march=x86-64']
  ignore line: [ as -v --64 -o CMakeFiles/cmTC_84676.dir/CMakeCCompilerABI.c.o /tmp/ccOuiY6L.s]
  ignore line: [GNU assembler version 2.34 (x86_64-linux-gnu) using BFD version (GNU Binutils for Ubuntu) 2.34]
  ignore line: [COMPILER_PATH=/usr/lib/gcc/x86_64-linux-gnu/9/:/usr/lib/gcc/x86_64-linux-gnu/9/:/usr/lib/gcc/x86_64-linux-gnu/:/usr/lib/gcc/x86_64-linux-gnu/9/:/usr/lib/gcc/x86_64-linux-gnu/]
  ignore line: [LIBRARY_PATH=/usr/lib/gcc/x86_64-linux-gnu/9/:/usr/lib/gcc/x86_64-linux-gnu/9/../../../x86_64-linux-gnu/:/usr/lib/gcc/x86_64-linux-gnu/9/../../../../lib/:/lib/x86_64-linux-gnu/:/lib/../lib/:/usr/lib/x86_64-linux-gnu/:/usr/lib/../lib/:/usr/lib/gcc/x86_64-linux-gnu/9/../../../:/lib/:/usr/lib/]
  ignore line: [COLLECT_GCC_OPTIONS='-ffunction-sections' '-fdata-sections' '-fPIC' '-m64' '-v' '-std=c11' '-o' 'CMakeFiles/cmTC_84676.dir/CMakeCCompilerABI.c.o' '-c' '-mtune=generic' '-march=x86-64']
  ignore line: [Linking C executable cmTC_84676]
  ignore line: [/usr/bin/cmake -E cmake_link_script CMakeFiles/cmTC_84676.dir/link.txt --verbose=1]
  ignore line: [/usr/bin/cc  -ffunction-sections -fdata-sections -fPIC -m64    -v CMakeFiles/cmTC_84676.dir/CMakeCCompilerABI.c.o  -o cmTC_84676 ]
  ignore line: [Using built-in specs.]
  ignore line: [COLLECT_GCC=/usr/bin/cc]
  ignore line: [COLLECT_LTO_WRAPPER=/usr/lib/gcc/x86_64-linux-gnu/9/lto-wrapper]
  ignore line: [OFFLOAD_TARGET_NAMES=nvptx-none:hsa]
  ignore line: [OFFLOAD_TARGET_DEFAULT=1]
  ignore line: [Target: x86_64-linux-gnu]
  ignore line: [Configured with: ../src/configure -v --with-pkgversion='Ubuntu 9.4.0-1ubuntu1~20.04.2' --with-bugurl=file:///usr/share/doc/gcc-9/README.Bugs --enable-languages=c ada c++ go brig d fortran objc obj-c++ gm2 --prefix=/usr --with-gcc-major-version-only --program-suffix=-9 --program-prefix=x86_64-linux-gnu- --enable-shared --enable-linker-build-id --libexecdir=/usr/lib --without-included-gettext --enable-threads=posix --libdir=/usr/lib --enable-nls --enable-clocale=gnu --enable-libstdcxx-debug --enable-libstdcxx-time=yes --with-default-libstdcxx-abi=new --enable-gnu-unique-object --disable-vtable-verify --enable-plugin --enable-default-pie --with-system-zlib --with-target-system-zlib=auto --enable-objc-gc=auto --enable-multiarch --disable-werror --with-arch-32=i686 --with-abi=m64 --with-multilib-list=m32 m64 mx32 --enable-multilib --with-tune=generic --enable-offload-targets=nvptx-none=/build/gcc-9-9QDOt0/gcc-9-9.4.0/debian/tmp-nvptx/usr hsa --without-cuda-driver --enable-checking=release --build=x86_64-linux-gnu --host=x86_64-linux-gnu --target=x86_64-linux-gnu]
  ignore line: [Thread model: posix]
  ignore line: [gcc version 9.4.0 (Ubuntu 9.4.0-1ubuntu1~20.04.2) ]
  ignore line: [COMPILER_PATH=/usr/lib/gcc/x86_64-linux-gnu/9/:/usr/lib/gcc/x86_64-linux-gnu/9/:/usr/lib/gcc/x86_64-linux-gnu/:/usr/lib/gcc/x86_64-linux-gnu/9/:/usr/lib/gcc/x86_64-linux-gnu/]
  ignore line: [LIBRARY_PATH=/usr/lib/gcc/x86_64-linux-gnu/9/:/usr/lib/gcc/x86_64-linux-gnu/9/../../../x86_64-linux-gnu/:/usr/lib/gcc/x86_64-linux-gnu/9/../../../../lib/:/lib/x86_64-linux-gnu/:/lib/../lib/:/usr/lib/x86_64-linux-gnu/:/usr/lib/../lib/:/usr/lib/gcc/x86_64-linux-gnu/9/../../../:/lib/:/usr/lib/]
  ignore line: [COLLECT_GCC_OPTIONS='-ffunction-sections' '-fdata-sections' '-fPIC' '-m64' '-v' '-o' 'cmTC_84676' '-mtune=generic' '-march=x86-64']
  link line: [ /usr/lib/gcc/x86_64-linux-gnu/9/collect2 -plugin /usr/lib/gcc/x86_64-linux-gnu/9/liblto_plugin.so -plugin-opt=/usr/lib/gcc/x86_64-linux-gnu/9/lto-wrapper -plugin-opt=-fresolution=/tmp/ccQbuRhe.res -plugin-opt=-pass-through=-lgcc -plugin-opt=-pass-through=-lgcc_s -plugin-opt=-pass-through=-lc -plugin-opt=-pass-through=-lgcc -plugin-opt=-pass-through=-lgcc_s --build-id --eh-frame-hdr -m elf_x86_64 --hash-style=gnu --as-needed -dynamic-linker /lib64/ld-linux-x86-64.so.2 -pie -z now -z relro -o cmTC_84676 /usr/lib/gcc/x86_64-linux-gnu/9/../../../x86_64-linux-gnu/Scrt1.o /usr/lib/gcc/x86_64-linux-gnu/9/../../../x86_64-linux-gnu/crti.o /usr/lib/gcc/x86_64-linux-gnu/9/crtbeginS.o -L/usr/lib/gcc/x86_64-linux-gnu/9 -L/usr/lib/gcc/x86_64-linux-gnu/9/../../../x86_64-linux-gnu -L/usr/lib/gcc/x86_64-linux-gnu/9/../../../../lib -L/lib/x86_64-linux-gnu -L/lib/../lib -L/usr/lib/x86_64-linux-gnu -L/usr/lib/../lib -L/usr/lib/gcc/x86_64-linux-gnu/9/../../.. CMakeFiles/cmTC_84676.dir/CMakeCCompilerABI.c.o -lgcc --push-state --as-needed -lgcc_s --pop-state -lc -lgcc --push-state --as-needed -lgcc_s --pop-state /usr/lib/gcc/x86_64-linux-gnu/9/crtendS.o /usr/lib/gcc/x86_64-linux-gnu/9/../../../x86_64-linux-gnu/crtn.o]
    arg [/usr/lib/gcc/x86_64-linux-gnu/9/collect2] ==> ignore
    arg [-plugin] ==> ignore
    arg [/usr/lib/gcc/x86_64-linux-gnu/9/liblto_plugin.so] ==> ignore
    arg [-plugin-opt=/usr/lib/gcc/x86_64-linux-gnu/9/lto-wrapper] ==> ignore
    arg [-plugin-opt=-fresolution=/tmp/ccQbuRhe.res] ==> ignore
    arg [-plugin-opt=-pass-through=-lgcc] ==> ignore
    arg [-plugin-opt=-pass-through=-lgcc_s] ==> ignore
    arg [-plugin-opt=-pass-through=-lc] ==> ignore
    arg [-plugin-opt=-pass-through=-lgcc] ==> ignore
    arg [-plugin-opt=-pass-through=-lgcc_s] ==> ignore
    arg [--build-id] ==> ignore
    arg [--eh-frame-hdr] ==> ignore
    arg [-m] ==> ignore
    arg [elf_x86_64] ==> ignore
    arg [--hash-style=gnu] ==> ignore
    arg [--as-needed] ==> ignore
    arg [-dynamic-linker] ==> ignore
    arg [/lib64/ld-linux-x86-64.so.2] ==> ignore
    arg [-pie] ==> ignore
    arg [-znow] ==> ignore
    arg [-zrelro] ==> ignore
    arg [-o] ==> ignore
    arg [cmTC_84676] ==> ignore
    arg [/usr/lib/gcc/x86_64-linux-gnu/9/../../../x86_64-linux-gnu/Scrt1.o] ==> ignore
    arg [/usr/lib/gcc/x86_64-linux-gnu/9/../../../x86_64-linux-gnu/crti.o] ==> ignore
    arg [/usr/lib/gcc/x86_64-linux-gnu/9/crtbeginS.o] ==> ignore
    arg [-L/usr/lib/gcc/x86_64-linux-gnu/9] ==> dir [/usr/lib/gcc/x86_64-linux-gnu/9]
    arg [-L/usr/lib/gcc/x86_64-linux-gnu/9/../../../x86_64-linux-gnu] ==> dir [/usr/lib/gcc/x86_64-linux-gnu/9/../../../x86_64-linux-gnu]
    arg [-L/usr/lib/gcc/x86_64-linux-gnu/9/../../../../lib] ==> dir [/usr/lib/gcc/x86_64-linux-gnu/9/../../../../lib]
    arg [-L/lib/x86_64-linux-gnu] ==> dir [/lib/x86_64-linux-gnu]
    arg [-L/lib/../lib] ==> dir [/lib/../lib]
    arg [-L/usr/lib/x86_64-linux-gnu] ==> dir [/usr/lib/x86_64-linux-gnu]
    arg [-L/usr/lib/../lib] ==> dir [/usr/lib/../lib]
    arg [-L/usr/lib/gcc/x86_64-linux-gnu/9/../../..] ==> dir [/usr/lib/gcc/x86_64-linux-gnu/9/../../..]
    arg [CMakeFiles/cmTC_84676.dir/CMakeCCompilerABI.c.o] ==> ignore
    arg [-lgcc] ==> lib [gcc]
    arg [--push-state] ==> ignore
    arg [--as-needed] ==> ignore
    arg [-lgcc_s] ==> lib [gcc_s]
    arg [--pop-state] ==> ignore
    arg [-lc] ==> lib [c]
    arg [-lgcc] ==> lib [gcc]
    arg [--push-state] ==> ignore
    arg [--as-needed] ==> ignore
    arg [-lgcc_s] ==> lib [gcc_s]
    arg [--pop-state] ==> ignore
    arg [/usr/lib/gcc/x86_64-linux-gnu/9/crtendS.o] ==> ignore
    arg [/usr/lib/gcc/x86_64-linux-gnu/9/../../../x86_64-linux-gnu/crtn.o] ==> ignore
  collapse library dir [/usr/lib/gcc/x86_64-linux-gnu/9] ==> [/usr/lib/gcc/x86_64-linux-gnu/9]
  collapse library dir [/usr/lib/gcc/x86_64-linux-gnu/9/../../../x86_64-linux-gnu] ==> [/usr/lib/x86_64-linux-gnu]
  collapse library dir [/usr/lib/gcc/x86_64-linux-gnu/9/../../../../lib] ==> [/usr/lib]
  collapse library dir [/lib/x86_64-linux-gnu] ==> [/lib/x86_64-linux-gnu]
  collapse library dir [/lib/../lib] ==> [/lib]
  collapse library dir [/usr/lib/x86_64-linux-gnu] ==> [/usr/lib/x86_64-linux-gnu]
  collapse library dir [/usr/lib/../lib] ==> [/usr/lib]
  collapse library dir [/usr/lib/gcc/x86_64-linux-gnu/9/../../..] ==> [/usr/lib]
  implicit libs: [gcc;gcc_s;c;gcc;gcc_s]
  implicit dirs: [/usr/lib/gcc/x86_64-linux-gnu/9;/usr/lib/x86_64-linux-gnu;/usr/lib;/lib/x86_64-linux-gnu;/lib]
  implicit fwks: []


Performing C SOURCE FILE Test FNO_LTO_AVAILABLE succeeded with the following output:
Change Dir: /home/nick/soft/adaptive_sampling_scripts/rust_scripts/get_groups/target/release/build/libz-sys-702be3ea2352c995/out/build/CMakeFiles/CMakeTmp

Run Build Command(s):/usr/bin/make cmTC_3fe27/fast && /usr/bin/make -f CMakeFiles/cmTC_3fe27.dir/build.make CMakeFiles/cmTC_3fe27.dir/build
make[1]: Entering directory '/home/nick/soft/adaptive_sampling_scripts/rust_scripts/get_groups/target/release/build/libz-sys-702be3ea2352c995/out/build/CMakeFiles/CMakeTmp'
Building C object CMakeFiles/cmTC_3fe27.dir/src.c.o
/usr/bin/cc   -ffunction-sections -fdata-sections -fPIC -m64 -DFNO_LTO_AVAILABLE -fno-lto   -std=c11 -o CMakeFiles/cmTC_3fe27.dir/src.c.o   -c /home/nick/soft/adaptive_sampling_scripts/rust_scripts/get_groups/target/release/build/libz-sys-702be3ea2352c995/out/build/CMakeFiles/CMakeTmp/src.c
Linking C executable cmTC_3fe27
/usr/bin/cmake -E cmake_link_script CMakeFiles/cmTC_3fe27.dir/link.txt --verbose=1
/usr/bin/cc  -ffunction-sections -fdata-sections -fPIC -m64 -DFNO_LTO_AVAILABLE -fno-lto    CMakeFiles/cmTC_3fe27.dir/src.c.o  -o cmTC_3fe27 
make[1]: Leaving directory '/home/nick/soft/adaptive_sampling_scripts/rust_scripts/get_groups/target/release/build/libz-sys-702be3ea2352c995/out/build/CMakeFiles/CMakeTmp'


Source file was:
int main() { return 0; }
Determining if the include file sys/auxv.h exists passed with the following output:
Change Dir: /home/nick/soft/adaptive_sampling_scripts/rust_scripts/get_groups/target/release/build/libz-sys-702be3ea2352c995/out/build/CMakeFiles/CMakeTmp

Run Build Command(s):/usr/bin/make cmTC_16717/fast && /usr/bin/make -f CMakeFiles/cmTC_16717.dir/build.make CMakeFiles/cmTC_16717.dir/build
make[1]: Entering directory '/home/nick/soft/adaptive_sampling_scripts/rust_scripts/get_groups/target/release/build/libz-sys-702be3ea2352c995/out/build/CMakeFiles/CMakeTmp'
Building C object CMakeFiles/cmTC_16717.dir/CheckIncludeFile.c.o
/usr/bin/cc   -ffunction-sections -fdata-sections -fPIC -m64    -std=c11 -o CMakeFiles/cmTC_16717.dir/CheckIncludeFile.c.o   -c /home/nick/soft/adaptive_sampling_scripts/rust_scripts/get_groups/target/release/build/libz-sys-702be3ea2352c995/out/build/CMakeFiles/CMakeTmp/CheckIncludeFile.c
Linking C executable cmTC_16717
/usr/bin/cmake -E cmake_link_script CMakeFiles/cmTC_16717.dir/link.txt --verbose=1
/usr/bin/cc  -ffunction-sections -fdata-sections -fPIC -m64     CMakeFiles/cmTC_16717.dir/CheckIncludeFile.c.o  -o cmTC_16717 
make[1]: Leaving directory '/home/nick/soft/adaptive_sampling_scripts/rust_scripts/get_groups/target/release/build/libz-sys-702be3ea2352c995/out/build/CMakeFiles/CMakeTmp'



Determining if the include file unistd.h exists passed with the following output:
Change Dir: /home/nick/soft/adaptive_sampling_scripts/rust_scripts/get_groups/target/release/build/libz-sys-702be3ea2352c995/out/build/CMakeFiles/CMakeTmp

Run Build Command(s):/usr/bin/make cmTC_fa2e7/fast && /usr/bin/make -f CMakeFiles/cmTC_fa2e7.dir/build.make CMakeFiles/cmTC_fa2e7.dir/build
make[1]: Entering directory '/home/nick/soft/adaptive_sampling_scripts/rust_scripts/get_groups/target/release/build/libz-sys-702be3ea2352c995/out/build/CMakeFiles/CMakeTmp'
Building C object CMakeFiles/cmTC_fa2e7.dir/CheckIncludeFile.c.o
/usr/bin/cc   -ffunction-sections -fdata-sections -fPIC -m64    -std=c11 -o CMakeFiles/cmTC_fa2e7.dir/CheckIncludeFile.c.o   -c /home/nick/soft/adaptive_sampling_scripts/rust_scripts/get_groups/target/release/build/libz-sys-702be3ea2352c995/out/build/CMakeFiles/CMakeTmp/CheckIncludeFile.c
Linking C executable cmTC_fa2e7
/usr/bin/cmake -E cmake_link_script CMakeFiles/cmTC_fa2e7.dir/link.txt --verbose=1
/usr/bin/cc  -ffunction-sections -fdata-sections -fPIC -m64     CMakeFiles/cmTC_fa2e7.dir/CheckIncludeFile.c.o  -o cmTC_fa2e7 
make[1]: Leaving directory '/home/nick/soft/adaptive_sampling_scripts/rust_scripts/get_groups/target/release/build/libz-sys-702be3ea2352c995/out/build/CMakeFiles/CMakeTmp'



Determining if the include file sys/types.h exists passed with the following output:
Change Dir: /home/nick/soft/adaptive_sampling_scripts/rust_scripts/get_groups/target/release/build/libz-sys-702be3ea2352c995/out/build/CMakeFiles/CMakeTmp

Run Build Command(s):/usr/bin/make cmTC_f9451/fast && /usr/bin/make -f CMakeFiles/cmTC_f9451.dir/build.make CMakeFiles/cmTC_f9451.dir/build
make[1]: Entering directory '/home/nick/soft/adaptive_sampling_scripts/rust_scripts/get_groups/target/release/build/libz-sys-702be3ea2352c995/out/build/CMakeFiles/CMakeTmp'
Building C object CMakeFiles/cmTC_f9451.dir/CheckIncludeFile.c.o
/usr/bin/cc -D_LARGEFILE64_SOURCE=1 -D__USE_LARGEFILE64  -ffunction-sections -fdata-sections -fPIC -m64    -std=c11 -o CMakeFiles/cmTC_f9451.dir/CheckIncludeFile.c.o   -c /home/nick/soft/adaptive_sampling_scripts/rust_scripts/get_groups/target/release/build/libz-sys-702be3ea2352c995/out/build/CMakeFiles/CMakeTmp/CheckIncludeFile.c
Linking C executable cmTC_f9451
/usr/bin/cmake -E cmake_link_script CMakeFiles/cmTC_f9451.dir/link.txt --verbose=1
/usr/bin/cc  -ffunction-sections -fdata-sections -fPIC -m64     CMakeFiles/cmTC_f9451.dir/CheckIncludeFile.c.o  -o cmTC_f9451 
make[1]: Leaving directory '/home/nick/soft/adaptive_sampling_scripts/rust_scripts/get_groups/target/release/build/libz-sys-702be3ea2352c995/out/build/CMakeFiles/CMakeTmp'



Determining if the include file stdint.h exists passed with the following output:
Change Dir: /home/nick/soft/adaptive_sampling_scripts/rust_scripts/get_groups/target/release/build/libz-sys-702be3ea2352c995/out/build/CMakeFiles/CMakeTmp

Run Build Command(s):/usr/bin/make cmTC_78ce0/fast && /usr/bin/make -f CMakeFiles/cmTC_78ce0.dir/build.make CMakeFiles/cmTC_78ce0.dir/build
make[1]: Entering directory '/home/nick/soft/adaptive_sampling_scripts/rust_scripts/get_groups/target/release/build/libz-sys-702be3ea2352c995/out/build/CMakeFiles/CMakeTmp'
Building C object CMakeFiles/cmTC_78ce0.dir/CheckIncludeFile.c.o
/usr/bin/cc -D_LARGEFILE64_SOURCE=1 -D__USE_LARGEFILE64  -ffunction-sections -fdata-sections -fPIC -m64    -std=c11 -o CMakeFiles/cmTC_78ce0.dir/CheckIncludeFile.c.o   -c /home/nick/soft/adaptive_sampling_scripts/rust_scripts/get_groups/target/release/build/libz-sys-702be3ea2352c995/out/build/CMakeFiles/CMakeTmp/CheckIncludeFile.c
Linking C executable cmTC_78ce0
/usr/bin/cmake -E cmake_link_script CMakeFiles/cmTC_78ce0.dir/link.txt --verbose=1
/usr/bin/cc  -ffunction-sections -fdata-sections -fPIC -m64     CMakeFiles/cmTC_78ce0.dir/CheckIncludeFile.c.o  -o cmTC_78ce0 
make[1]: Leaving directory '/home/nick/soft/adaptive_sampling_scripts/rust_scripts/get_groups/target/release/build/libz-sys-702be3ea2352c995/out/build/CMakeFiles/CMakeTmp'



Determining if the include file stddef.h exists passed with the following output:
Change Dir: /home/nick/soft/adaptive_sampling_scripts/rust_scripts/get_groups/target/release/build/libz-sys-702be3ea2352c995/out/build/CMakeFiles/CMakeTmp

Run Build Command(s):/usr/bin/make cmTC_cc46e/fast && /usr/bin/make -f CMakeFiles/cmTC_cc46e.dir/build.make CMakeFiles/cmTC_cc46e.dir/build
make[1]: Entering directory '/home/nick/soft/adaptive_sampling_scripts/rust_scripts/get_groups/target/release/build/libz-sys-702be3ea2352c995/out/build/CMakeFiles/CMakeTmp'
Building C object CMakeFiles/cmTC_cc46e.dir/CheckIncludeFile.c.o
/usr/bin/cc -D_LARGEFILE64_SOURCE=1 -D__USE_LARGEFILE64  -ffunction-sections -fdata-sections -fPIC -m64    -std=c11 -o CMakeFiles/cmTC_cc46e.dir/CheckIncludeFile.c.o   -c /home/nick/soft/adaptive_sampling_scripts/rust_scripts/get_groups/target/release/build/libz-sys-702be3ea2352c995/out/build/CMakeFiles/CMakeTmp/CheckIncludeFile.c
Linking C executable cmTC_cc46e
/usr/bin/cmake -E cmake_link_script CMakeFiles/cmTC_cc46e.dir/link.txt --verbose=1
/usr/bin/cc  -ffunction-sections -fdata-sections -fPIC -m64     CMakeFiles/cmTC_cc46e.dir/CheckIncludeFile.c.o  -o cmTC_cc46e 
make[1]: Leaving directory '/home/nick/soft/adaptive_sampling_scripts/rust_scripts/get_groups/target/release/build/libz-sys-702be3ea2352c995/out/build/CMakeFiles/CMakeTmp'



Determining size of off64_t passed with the following output:
Change Dir: /home/nick/soft/adaptive_sampling_scripts/rust_scripts/get_groups/target/release/build/libz-sys-702be3ea2352c995/out/build/CMakeFiles/CMakeTmp

Run Build Command(s):/usr/bin/make cmTC_1d355/fast && /usr/bin/make -f CMakeFiles/cmTC_1d355.dir/build.make CMakeFiles/cmTC_1d355.dir/build
make[1]: Entering directory '/home/nick/soft/adaptive_sampling_scripts/rust_scripts/get_groups/target/release/build/libz-sys-702be3ea2352c995/out/build/CMakeFiles/CMakeTmp'
Building C object CMakeFiles/cmTC_1d355.dir/OFF64_T.c.o
/usr/bin/cc -D_LARGEFILE64_SOURCE=1 -D__USE_LARGEFILE64  -ffunction-sections -fdata-sections -fPIC -m64    -std=c11 -o CMakeFiles/cmTC_1d355.dir/OFF64_T.c.o   -c /home/nick/soft/adaptive_sampling_scripts/rust_scripts/get_groups/target/release/build/libz-sys-702be3ea2352c995/out/build/CMakeFiles/CheckTypeSize/OFF64_T.c
Linking C executable cmTC_1d355
/usr/bin/cmake -E cmake_link_script CMakeFiles/cmTC_1d355.dir/link.txt --verbose=1
/usr/bin/cc  -ffunction-sections -fdata-sections -fPIC -m64     CMakeFiles/cmTC_1d355.dir/OFF64_T.c.o  -o cmTC_1d355 
make[1]: Leaving directory '/home/nick/soft/adaptive_sampling_scripts/rust_scripts/get_groups/target/release/build/libz-sys-702be3ea2352c995/out/build/CMakeFiles/CMakeTmp'



Determining if the function fseeko exists passed with the following output:
Change Dir: /home/nick/soft/adaptive_sampling_scripts/rust_scripts/get_groups/target/release/build/libz-sys-702be3ea2352c995/out/build/CMakeFiles/CMakeTmp

Run Build Command(s):/usr/bin/make cmTC_ac389/fast && /usr/bin/make -f CMakeFiles/cmTC_ac389.dir/build.make CMakeFiles/cmTC_ac389.dir/build
make[1]: Entering directory '/home/nick/soft/adaptive_sampling_scripts/rust_scripts/get_groups/target/release/build/libz-sys-702be3ea2352c995/out/build/CMakeFiles/CMakeTmp'
Building C object CMakeFiles/cmTC_ac389.dir/CheckFunctionExists.c.o
/usr/bin/cc   -ffunction-sections -fdata-sections -fPIC -m64 -DCHECK_FUNCTION_EXISTS=fseeko   -std=c11 -o CMakeFiles/cmTC_ac389.dir/CheckFunctionExists.c.o   -c /usr/share/cmake-3.16/Modules/CheckFunctionExists.c
Linking C executable cmTC_ac389
/usr/bin/cmake -E cmake_link_script CMakeFiles/cmTC_ac389.dir/link.txt --verbose=1
/usr/bin/cc  -ffunction-sections -fdata-sections -fPIC -m64 -DCHECK_FUNCTION_EXISTS=fseeko    CMakeFiles/cmTC_ac389.dir/CheckFunctionExists.c.o  -o cmTC_ac389 
make[1]: Leaving directory '/home/nick/soft/adaptive_sampling_scripts/rust_scripts/get_groups/target/release/build/libz-sys-702be3ea2352c995/out/build/CMakeFiles/CMakeTmp'



Determining if the function strerror exists passed with the following output:
Change Dir: /home/nick/soft/adaptive_sampling_scripts/rust_scripts/get_groups/target/release/build/libz-sys-702be3ea2352c995/out/build/CMakeFiles/CMakeTmp

Run Build Command(s):/usr/bin/make cmTC_9f45a/fast && /usr/bin/make -f CMakeFiles/cmTC_9f45a.dir/build.make CMakeFiles/cmTC_9f45a.dir/build
make[1]: Entering directory '/home/nick/soft/adaptive_sampling_scripts/rust_scripts/get_groups/target/release/build/libz-sys-702be3ea2352c995/out/build/CMakeFiles/CMakeTmp'
Building C object CMakeFiles/cmTC_9f45a.dir/CheckFunctionExists.c.o
/usr/bin/cc   -ffunction-sections -fdata-sections -fPIC -m64 -DCHECK_FUNCTION_EXISTS=strerror   -std=c11 -o CMakeFiles/cmTC_9f45a.dir/CheckFunctionExists.c.o   -c /usr/share/cmake-3.16/Modules/CheckFunctionExists.c
Linking C executable cmTC_9f45a
/usr/bin/cmake -E cmake_link_script CMakeFiles/cmTC_9f45a.dir/link.txt --verbose=1
/usr/bin/cc  -ffunction-sections -fdata-sections -fPIC -m64 -DCHECK_FUNCTION_EXISTS=strerror    CMakeFiles/cmTC_9f45a.dir/CheckFunctionExists.c.o  -o cmTC_9f45a 
make[1]: Leaving directory '/home/nick/soft/adaptive_sampling_scripts/rust_scripts/get_groups/target/release/build/libz-sys-702be3ea2352c995/out/build/CMakeFiles/CMakeTmp'



Determining if the posix_memalign exist passed with the following output:
Change Dir: /home/nick/soft/adaptive_sampling_scripts/rust_scripts/get_groups/target/release/build/libz-sys-702be3ea2352c995/out/build/CMakeFiles/CMakeTmp

Run Build Command(s):/usr/bin/make cmTC_7472f/fast && /usr/bin/make -f CMakeFiles/cmTC_7472f.dir/build.make CMakeFiles/cmTC_7472f.dir/build
make[1]: Entering directory '/home/nick/soft/adaptive_sampling_scripts/rust_scripts/get_groups/target/release/build/libz-sys-702be3ea2352c995/out/build/CMakeFiles/CMakeTmp'
Building C object CMakeFiles/cmTC_7472f.dir/CheckSymbolExists.c.o
/usr/bin/cc -D_POSIX_C_SOURCE=200112L  -ffunction-sections -fdata-sections -fPIC -m64    -std=c11 -o CMakeFiles/cmTC_7472f.dir/CheckSymbolExists.c.o   -c /home/nick/soft/adaptive_sampling_scripts/rust_scripts/get_groups/target/release/build/libz-sys-702be3ea2352c995/out/build/CMakeFiles/CMakeTmp/CheckSymbolExists.c
Linking C executable cmTC_7472f
/usr/bin/cmake -E cmake_link_script CMakeFiles/cmTC_7472f.dir/link.txt --verbose=1
/usr/bin/cc  -ffunction-sections -fdata-sections -fPIC -m64     CMakeFiles/cmTC_7472f.dir/CheckSymbolExists.c.o  -o cmTC_7472f 
make[1]: Leaving directory '/home/nick/soft/adaptive_sampling_scripts/rust_scripts/get_groups/target/release/build/libz-sys-702be3ea2352c995/out/build/CMakeFiles/CMakeTmp'


File /home/nick/soft/adaptive_sampling_scripts/rust_scripts/get_groups/target/release/build/libz-sys-702be3ea2352c995/out/build/CMakeFiles/CMakeTmp/CheckSymbolExists.c:
/* */
#include <stdlib.h>

int main(int argc, char** argv)
{
  (void)argv;
#ifndef posix_memalign
  return ((int*)(&posix_memalign))[argc];
#else
  (void)argc;
  return 0;
#endif
}
Determining if the aligned_alloc exist passed with the following output:
Change Dir: /home/nick/soft/adaptive_sampling_scripts/rust_scripts/get_groups/target/release/build/libz-sys-702be3ea2352c995/out/build/CMakeFiles/CMakeTmp

Run Build Command(s):/usr/bin/make cmTC_70312/fast && /usr/bin/make -f CMakeFiles/cmTC_70312.dir/build.make CMakeFiles/cmTC_70312.dir/build
make[1]: Entering directory '/home/nick/soft/adaptive_sampling_scripts/rust_scripts/get_groups/target/release/build/libz-sys-702be3ea2352c995/out/build/CMakeFiles/CMakeTmp'
Building C object CMakeFiles/cmTC_70312.dir/CheckSymbolExists.c.o
/usr/bin/cc -D_ISOC11_SOURCE=1  -ffunction-sections -fdata-sections -fPIC -m64    -std=c11 -o CMakeFiles/cmTC_70312.dir/CheckSymbolExists.c.o   -c /home/nick/soft/adaptive_sampling_scripts/rust_scripts/get_groups/target/release/build/libz-sys-702be3ea2352c995/out/build/CMakeFiles/CMakeTmp/CheckSymbolExists.c
Linking C executable cmTC_70312
/usr/bin/cmake -E cmake_link_script CMakeFiles/cmTC_70312.dir/link.txt --verbose=1
/usr/bin/cc  -ffunction-sections -fdata-sections -fPIC -m64     CMakeFiles/cmTC_70312.dir/CheckSymbolExists.c.o  -o cmTC_70312 
make[1]: Leaving directory '/home/nick/soft/adaptive_sampling_scripts/rust_scripts/get_groups/target/release/build/libz-sys-702be3ea2352c995/out/build/CMakeFiles/CMakeTmp'


File /home/nick/soft/adaptive_sampling_scripts/rust_scripts/get_groups/target/release/build/libz-sys-702be3ea2352c995/out/build/CMakeFiles/CMakeTmp/CheckSymbolExists.c:
/* */
#include <stdlib.h>

int main(int argc, char** argv)
{
  (void)argv;
#ifndef aligned_alloc
  return ((int*)(&aligned_alloc))[argc];
#else
  (void)argc;
  return 0;
#endif
}
Performing C SOURCE FILE Test HAVE_NO_INTERPOSITION succeeded with the following output:
Change Dir: /home/nick/soft/adaptive_sampling_scripts/rust_scripts/get_groups/target/release/build/libz-sys-702be3ea2352c995/out/build/CMakeFiles/CMakeTmp

Run Build Command(s):/usr/bin/make cmTC_160ca/fast && /usr/bin/make -f CMakeFiles/cmTC_160ca.dir/build.make CMakeFiles/cmTC_160ca.dir/build
make[1]: Entering directory '/home/nick/soft/adaptive_sampling_scripts/rust_scripts/get_groups/target/release/build/libz-sys-702be3ea2352c995/out/build/CMakeFiles/CMakeTmp'
Building C object CMakeFiles/cmTC_160ca.dir/src.c.o
/usr/bin/cc   -ffunction-sections -fdata-sections -fPIC -m64 -DHAVE_NO_INTERPOSITION   -fno-semantic-interposition -std=c11 -o CMakeFiles/cmTC_160ca.dir/src.c.o   -c /home/nick/soft/adaptive_sampling_scripts/rust_scripts/get_groups/target/release/build/libz-sys-702be3ea2352c995/out/build/CMakeFiles/CMakeTmp/src.c
Linking C executable cmTC_160ca
/usr/bin/cmake -E cmake_link_script CMakeFiles/cmTC_160ca.dir/link.txt --verbose=1
/usr/bin/cc  -ffunction-sections -fdata-sections -fPIC -m64 -DHAVE_NO_INTERPOSITION    CMakeFiles/cmTC_160ca.dir/src.c.o  -o cmTC_160ca 
make[1]: Leaving directory '/home/nick/soft/adaptive_sampling_scripts/rust_scripts/get_groups/target/release/build/libz-sys-702be3ea2352c995/out/build/CMakeFiles/CMakeTmp'


Source file was:
int main(void) { return 0; }
Performing C SOURCE FILE Test HAVE_ATTRIBUTE_VISIBILITY_HIDDEN succeeded with the following output:
Change Dir: /home/nick/soft/adaptive_sampling_scripts/rust_scripts/get_groups/target/release/build/libz-sys-702be3ea2352c995/out/build/CMakeFiles/CMakeTmp

Run Build Command(s):/usr/bin/make cmTC_54360/fast && /usr/bin/make -f CMakeFiles/cmTC_54360.dir/build.make CMakeFiles/cmTC_54360.dir/build
make[1]: Entering directory '/home/nick/soft/adaptive_sampling_scripts/rust_scripts/get_groups/target/release/build/libz-sys-702be3ea2352c995/out/build/CMakeFiles/CMakeTmp'
Building C object CMakeFiles/cmTC_54360.dir/src.c.o
/usr/bin/cc   -ffunction-sections -fdata-sections -fPIC -m64 -DHAVE_ATTRIBUTE_VISIBILITY_HIDDEN   -std=c11 -o CMakeFiles/cmTC_54360.dir/src.c.o   -c /home/nick/soft/adaptive_sampling_scripts/rust_scripts/get_groups/target/release/build/libz-sys-702be3ea2352c995/out/build/CMakeFiles/CMakeTmp/src.c
Linking C executable cmTC_54360
/usr/bin/cmake -E cmake_link_script CMakeFiles/cmTC_54360.dir/link.txt --verbose=1
/usr/bin/cc  -ffunction-sections -fdata-sections -fPIC -m64 -DHAVE_ATTRIBUTE_VISIBILITY_HIDDEN    CMakeFiles/cmTC_54360.dir/src.c.o  -o cmTC_54360 
make[1]: Leaving directory '/home/nick/soft/adaptive_sampling_scripts/rust_scripts/get_groups/target/release/build/libz-sys-702be3ea2352c995/out/build/CMakeFiles/CMakeTmp'


Source file was:
#define Z_INTERNAL __attribute__((visibility ("hidden")))
    int Z_INTERNAL foo;
    int main() {
        return 0;
    }
Performing C SOURCE FILE Test HAVE_ATTRIBUTE_VISIBILITY_INTERNAL succeeded with the following output:
Change Dir: /home/nick/soft/adaptive_sampling_scripts/rust_scripts/get_groups/target/release/build/libz-sys-702be3ea2352c995/out/build/CMakeFiles/CMakeTmp

Run Build Command(s):/usr/bin/make cmTC_2fe30/fast && /usr/bin/make -f CMakeFiles/cmTC_2fe30.dir/build.make CMakeFiles/cmTC_2fe30.dir/build
make[1]: Entering directory '/home/nick/soft/adaptive_sampling_scripts/rust_scripts/get_groups/target/release/build/libz-sys-702be3ea2352c995/out/build/CMakeFiles/CMakeTmp'
Building C object CMakeFiles/cmTC_2fe30.dir/src.c.o
/usr/bin/cc   -ffunction-sections -fdata-sections -fPIC -m64 -DHAVE_ATTRIBUTE_VISIBILITY_INTERNAL   -std=c11 -o CMakeFiles/cmTC_2fe30.dir/src.c.o   -c /home/nick/soft/adaptive_sampling_scripts/rust_scripts/get_groups/target/release/build/libz-sys-702be3ea2352c995/out/build/CMakeFiles/CMakeTmp/src.c
Linking C executable cmTC_2fe30
/usr/bin/cmake -E cmake_link_script CMakeFiles/cmTC_2fe30.dir/link.txt --verbose=1
/usr/bin/cc  -ffunction-sections -fdata-sections -fPIC -m64 -DHAVE_ATTRIBUTE_VISIBILITY_INTERNAL    CMakeFiles/cmTC_2fe30.dir/src.c.o  -o cmTC_2fe30 
make[1]: Leaving directory '/home/nick/soft/adaptive_sampling_scripts/rust_scripts/get_groups/target/release/build/libz-sys-702be3ea2352c995/out/build/CMakeFiles/CMakeTmp'


Source file was:
#define Z_INTERNAL __attribute__((visibility ("internal")))
    int Z_INTERNAL foo;
    int main() {
        return 0;
    }
Performing C SOURCE FILE Test HAVE_ATTRIBUTE_ALIGNED succeeded with the following output:
Change Dir: /home/nick/soft/adaptive_sampling_scripts/rust_scripts/get_groups/target/release/build/libz-sys-702be3ea2352c995/out/build/CMakeFiles/CMakeTmp

Run Build Command(s):/usr/bin/make cmTC_53e14/fast && /usr/bin/make -f CMakeFiles/cmTC_53e14.dir/build.make CMakeFiles/cmTC_53e14.dir/build
make[1]: Entering directory '/home/nick/soft/adaptive_sampling_scripts/rust_scripts/get_groups/target/release/build/libz-sys-702be3ea2352c995/out/build/CMakeFiles/CMakeTmp'
Building C object CMakeFiles/cmTC_53e14.dir/src.c.o
/usr/bin/cc   -ffunction-sections -fdata-sections -fPIC -m64 -DHAVE_ATTRIBUTE_ALIGNED   -std=c11 -o CMakeFiles/cmTC_53e14.dir/src.c.o   -c /home/nick/soft/adaptive_sampling_scripts/rust_scripts/get_groups/target/release/build/libz-sys-702be3ea2352c995/out/build/CMakeFiles/CMakeTmp/src.c
Linking C executable cmTC_53e14
/usr/bin/cmake -E cmake_link_script CMakeFiles/cmTC_53e14.dir/link.txt --verbose=1
/usr/bin/cc  -ffunction-sections -fdata-sections -fPIC -m64 -DHAVE_ATTRIBUTE_ALIGNED    CMakeFiles/cmTC_53e14.dir/src.c.o  -o cmTC_53e14 
make[1]: Leaving directory '/home/nick/soft/adaptive_sampling_scripts/rust_scripts/get_groups/target/release/build/libz-sys-702be3ea2352c995/out/build/CMakeFiles/CMakeTmp'


Source file was:
int main(void) {
        __attribute__((aligned(8))) int test = 0;
        (void)test;
        return 0;
    }
Performing C SOURCE FILE Test HAVE_BUILTIN_CTZ succeeded with the following output:
Change Dir: /home/nick/soft/adaptive_sampling_scripts/rust_scripts/get_groups/target/release/build/libz-sys-702be3ea2352c995/out/build/CMakeFiles/CMakeTmp

Run Build Command(s):/usr/bin/make cmTC_ec862/fast && /usr/bin/make -f CMakeFiles/cmTC_ec862.dir/build.make CMakeFiles/cmTC_ec862.dir/build
make[1]: Entering directory '/home/nick/soft/adaptive_sampling_scripts/rust_scripts/get_groups/target/release/build/libz-sys-702be3ea2352c995/out/build/CMakeFiles/CMakeTmp'
Building C object CMakeFiles/cmTC_ec862.dir/src.c.o
/usr/bin/cc   -ffunction-sections -fdata-sections -fPIC -m64 -DHAVE_BUILTIN_CTZ   -std=c11 -o CMakeFiles/cmTC_ec862.dir/src.c.o   -c /home/nick/soft/adaptive_sampling_scripts/rust_scripts/get_groups/target/release/build/libz-sys-702be3ea2352c995/out/build/CMakeFiles/CMakeTmp/src.c
Linking C executable cmTC_ec862
/usr/bin/cmake -E cmake_link_script CMakeFiles/cmTC_ec862.dir/link.txt --verbose=1
/usr/bin/cc  -ffunction-sections -fdata-sections -fPIC -m64 -DHAVE_BUILTIN_CTZ    CMakeFiles/cmTC_ec862.dir/src.c.o  -o cmTC_ec862 
make[1]: Leaving directory '/home/nick/soft/adaptive_sampling_scripts/rust_scripts/get_groups/target/release/build/libz-sys-702be3ea2352c995/out/build/CMakeFiles/CMakeTmp'


Source file was:
int main(void) {
        unsigned int zero = 0;
        long test = __builtin_ctz(zero);
        (void)test;
        return 0;
    }
Performing C SOURCE FILE Test HAVE_BUILTIN_CTZLL succeeded with the following output:
Change Dir: /home/nick/soft/adaptive_sampling_scripts/rust_scripts/get_groups/target/release/build/libz-sys-702be3ea2352c995/out/build/CMakeFiles/CMakeTmp

Run Build Command(s):/usr/bin/make cmTC_ee854/fast && /usr/bin/make -f CMakeFiles/cmTC_ee854.dir/build.make CMakeFiles/cmTC_ee854.dir/build
make[1]: Entering directory '/home/nick/soft/adaptive_sampling_scripts/rust_scripts/get_groups/target/release/build/libz-sys-702be3ea2352c995/out/build/CMakeFiles/CMakeTmp'
Building C object CMakeFiles/cmTC_ee854.dir/src.c.o
/usr/bin/cc   -ffunction-sections -fdata-sections -fPIC -m64 -DHAVE_BUILTIN_CTZLL   -std=c11 -o CMakeFiles/cmTC_ee854.dir/src.c.o   -c /home/nick/soft/adaptive_sampling_scripts/rust_scripts/get_groups/target/release/build/libz-sys-702be3ea2352c995/out/build/CMakeFiles/CMakeTmp/src.c
Linking C executable cmTC_ee854
/usr/bin/cmake -E cmake_link_script CMakeFiles/cmTC_ee854.dir/link.txt --verbose=1
/usr/bin/cc  -ffunction-sections -fdata-sections -fPIC -m64 -DHAVE_BUILTIN_CTZLL    CMakeFiles/cmTC_ee854.dir/src.c.o  -o cmTC_ee854 
make[1]: Leaving directory '/home/nick/soft/adaptive_sampling_scripts/rust_scripts/get_groups/target/release/build/libz-sys-702be3ea2352c995/out/build/CMakeFiles/CMakeTmp'


Source file was:
int main(void) {
        unsigned int zero = 0;
        long test = __builtin_ctzll(zero);
        (void)test;
        return 0;
    }
Performing C SOURCE FILE Test HAVE_PTRDIFF_T succeeded with the following output:
Change Dir: /home/nick/soft/adaptive_sampling_scripts/rust_scripts/get_groups/target/release/build/libz-sys-702be3ea2352c995/out/build/CMakeFiles/CMakeTmp

Run Build Command(s):/usr/bin/make cmTC_93ac2/fast && /usr/bin/make -f CMakeFiles/cmTC_93ac2.dir/build.make CMakeFiles/cmTC_93ac2.dir/build
make[1]: Entering directory '/home/nick/soft/adaptive_sampling_scripts/rust_scripts/get_groups/target/release/build/libz-sys-702be3ea2352c995/out/build/CMakeFiles/CMakeTmp'
Building C object CMakeFiles/cmTC_93ac2.dir/src.c.o
/usr/bin/cc   -ffunction-sections -fdata-sections -fPIC -m64 -DHAVE_PTRDIFF_T   -std=c11 -o CMakeFiles/cmTC_93ac2.dir/src.c.o   -c /home/nick/soft/adaptive_sampling_scripts/rust_scripts/get_groups/target/release/build/libz-sys-702be3ea2352c995/out/build/CMakeFiles/CMakeTmp/src.c
Linking C executable cmTC_93ac2
/usr/bin/cmake -E cmake_link_script CMakeFiles/cmTC_93ac2.dir/link.txt --verbose=1
/usr/bin/cc  -ffunction-sections -fdata-sections -fPIC -m64 -DHAVE_PTRDIFF_T    CMakeFiles/cmTC_93ac2.dir/src.c.o  -o cmTC_93ac2 
make[1]: Leaving directory '/home/nick/soft/adaptive_sampling_scripts/rust_scripts/get_groups/target/release/build/libz-sys-702be3ea2352c995/out/build/CMakeFiles/CMakeTmp'


Source file was:
#include <stddef.h>
     int main() {
         ptrdiff_t *a;
         (void)a;
         return 0;
    }
Performing C SOURCE FILE Test HAVE_AVX2_INTRIN succeeded with the following output:
Change Dir: /home/nick/soft/adaptive_sampling_scripts/rust_scripts/get_groups/target/release/build/libz-sys-702be3ea2352c995/out/build/CMakeFiles/CMakeTmp

Run Build Command(s):/usr/bin/make cmTC_8a936/fast && /usr/bin/make -f CMakeFiles/cmTC_8a936.dir/build.make CMakeFiles/cmTC_8a936.dir/build
make[1]: Entering directory '/home/nick/soft/adaptive_sampling_scripts/rust_scripts/get_groups/target/release/build/libz-sys-702be3ea2352c995/out/build/CMakeFiles/CMakeTmp'
Building C object CMakeFiles/cmTC_8a936.dir/src.c.o
/usr/bin/cc   -ffunction-sections -fdata-sections -fPIC -m64 -DHAVE_AVX2_INTRIN -mavx2  -fno-lto   -std=c11 -o CMakeFiles/cmTC_8a936.dir/src.c.o   -c /home/nick/soft/adaptive_sampling_scripts/rust_scripts/get_groups/target/release/build/libz-sys-702be3ea2352c995/out/build/CMakeFiles/CMakeTmp/src.c
Linking C executable cmTC_8a936
/usr/bin/cmake -E cmake_link_script CMakeFiles/cmTC_8a936.dir/link.txt --verbose=1
/usr/bin/cc  -ffunction-sections -fdata-sections -fPIC -m64 -DHAVE_AVX2_INTRIN -mavx2  -fno-lto    CMakeFiles/cmTC_8a936.dir/src.c.o  -o cmTC_8a936 
make[1]: Leaving directory '/home/nick/soft/adaptive_sampling_scripts/rust_scripts/get_groups/target/release/build/libz-sys-702be3ea2352c995/out/build/CMakeFiles/CMakeTmp'


Source file was:
#include <immintrin.h>
        __m256i f(__m256i x) {
            const __m256i y = _mm256_set1_epi16(1);
            return _mm256_subs_epu16(x, y);
        }
        int main(void) { return 0; }
Performing C SOURCE FILE Test HAVE_CASCADE_LAKE succeeded with the following output:
Change Dir: /home/nick/soft/adaptive_sampling_scripts/rust_scripts/get_groups/target/release/build/libz-sys-702be3ea2352c995/out/build/CMakeFiles/CMakeTmp

Run Build Command(s):/usr/bin/make cmTC_2e0d8/fast && /usr/bin/make -f CMakeFiles/cmTC_2e0d8.dir/build.make CMakeFiles/cmTC_2e0d8.dir/build
make[1]: Entering directory '/home/nick/soft/adaptive_sampling_scripts/rust_scripts/get_groups/target/release/build/libz-sys-702be3ea2352c995/out/build/CMakeFiles/CMakeTmp'
Building C object CMakeFiles/cmTC_2e0d8.dir/src.c.o
/usr/bin/cc   -ffunction-sections -fdata-sections -fPIC -m64 -DHAVE_CASCADE_LAKE   -mtune=cascadelake -std=c11 -o CMakeFiles/cmTC_2e0d8.dir/src.c.o   -c /home/nick/soft/adaptive_sampling_scripts/rust_scripts/get_groups/target/release/build/libz-sys-702be3ea2352c995/out/build/CMakeFiles/CMakeTmp/src.c
Linking C executable cmTC_2e0d8
/usr/bin/cmake -E cmake_link_script CMakeFiles/cmTC_2e0d8.dir/link.txt --verbose=1
/usr/bin/cc  -ffunction-sections -fdata-sections -fPIC -m64 -DHAVE_CASCADE_LAKE    CMakeFiles/cmTC_2e0d8.dir/src.c.o  -o cmTC_2e0d8 
make[1]: Leaving directory '/home/nick/soft/adaptive_sampling_scripts/rust_scripts/get_groups/target/release/build/libz-sys-702be3ea2352c995/out/build/CMakeFiles/CMakeTmp'


Source file was:
int main(void) { return 0; }
Performing C SOURCE FILE Test HAVE_AVX512_INTRIN succeeded with the following output:
Change Dir: /home/nick/soft/adaptive_sampling_scripts/rust_scripts/get_groups/target/release/build/libz-sys-702be3ea2352c995/out/build/CMakeFiles/CMakeTmp

Run Build Command(s):/usr/bin/make cmTC_3695b/fast && /usr/bin/make -f CMakeFiles/cmTC_3695b.dir/build.make CMakeFiles/cmTC_3695b.dir/build
make[1]: Entering directory '/home/nick/soft/adaptive_sampling_scripts/rust_scripts/get_groups/target/release/build/libz-sys-702be3ea2352c995/out/build/CMakeFiles/CMakeTmp'
Building C object CMakeFiles/cmTC_3695b.dir/src.c.o
/usr/bin/cc   -ffunction-sections -fdata-sections -fPIC -m64 -DHAVE_AVX512_INTRIN -mavx512f -mavx512dq -mavx512bw -mavx512vl -mtune=cascadelake  -fno-lto   -std=c11 -o CMakeFiles/cmTC_3695b.dir/src.c.o   -c /home/nick/soft/adaptive_sampling_scripts/rust_scripts/get_groups/target/release/build/libz-sys-702be3ea2352c995/out/build/CMakeFiles/CMakeTmp/src.c
Linking C executable cmTC_3695b
/usr/bin/cmake -E cmake_link_script CMakeFiles/cmTC_3695b.dir/link.txt --verbose=1
/usr/bin/cc  -ffunction-sections -fdata-sections -fPIC -m64 -DHAVE_AVX512_INTRIN -mavx512f -mavx512dq -mavx512bw -mavx512vl -mtune=cascadelake  -fno-lto    CMakeFiles/cmTC_3695b.dir/src.c.o  -o cmTC_3695b 
make[1]: Leaving directory '/home/nick/soft/adaptive_sampling_scripts/rust_scripts/get_groups/target/release/build/libz-sys-702be3ea2352c995/out/build/CMakeFiles/CMakeTmp'


Source file was:
#include <immintrin.h>
        __m512i f(__m512i y) {
          __m512i x = _mm512_set1_epi8(2);
          return _mm512_sub_epi8(x, y);
        }
        int main(void) { return 0; }
Performing C SOURCE FILE Test HAVE_MASK_INTRIN succeeded with the following output:
Change Dir: /home/nick/soft/adaptive_sampling_scripts/rust_scripts/get_groups/target/release/build/libz-sys-702be3ea2352c995/out/build/CMakeFiles/CMakeTmp

Run Build Command(s):/usr/bin/make cmTC_3532e/fast && /usr/bin/make -f CMakeFiles/cmTC_3532e.dir/build.make CMakeFiles/cmTC_3532e.dir/build
make[1]: Entering directory '/home/nick/soft/adaptive_sampling_scripts/rust_scripts/get_groups/target/release/build/libz-sys-702be3ea2352c995/out/build/CMakeFiles/CMakeTmp'
Building C object CMakeFiles/cmTC_3532e.dir/src.c.o
/usr/bin/cc   -ffunction-sections -fdata-sections -fPIC -m64 -DHAVE_MASK_INTRIN -mavx512f -mavx512dq -mavx512bw -mavx512vl -mtune=cascadelake  -fno-lto   -std=c11 -o CMakeFiles/cmTC_3532e.dir/src.c.o   -c /home/nick/soft/adaptive_sampling_scripts/rust_scripts/get_groups/target/release/build/libz-sys-702be3ea2352c995/out/build/CMakeFiles/CMakeTmp/src.c
Linking C executable cmTC_3532e
/usr/bin/cmake -E cmake_link_script CMakeFiles/cmTC_3532e.dir/link.txt --verbose=1
/usr/bin/cc  -ffunction-sections -fdata-sections -fPIC -m64 -DHAVE_MASK_INTRIN -mavx512f -mavx512dq -mavx512bw -mavx512vl -mtune=cascadelake  -fno-lto    CMakeFiles/cmTC_3532e.dir/src.c.o  -o cmTC_3532e 
make[1]: Leaving directory '/home/nick/soft/adaptive_sampling_scripts/rust_scripts/get_groups/target/release/build/libz-sys-702be3ea2352c995/out/build/CMakeFiles/CMakeTmp'


Source file was:
#include <immintrin.h>
        __mmask16 f(__mmask16 x) { return _knot_mask16(x); }
        int main(void) { return 0; }
Performing C SOURCE FILE Test HAVE_AVX512VNNI_INTRIN succeeded with the following output:
Change Dir: /home/nick/soft/adaptive_sampling_scripts/rust_scripts/get_groups/target/release/build/libz-sys-702be3ea2352c995/out/build/CMakeFiles/CMakeTmp

Run Build Command(s):/usr/bin/make cmTC_a9381/fast && /usr/bin/make -f CMakeFiles/cmTC_a9381.dir/build.make CMakeFiles/cmTC_a9381.dir/build
make[1]: Entering directory '/home/nick/soft/adaptive_sampling_scripts/rust_scripts/get_groups/target/release/build/libz-sys-702be3ea2352c995/out/build/CMakeFiles/CMakeTmp'
Building C object CMakeFiles/cmTC_a9381.dir/src.c.o
/usr/bin/cc   -ffunction-sections -fdata-sections -fPIC -m64 -DHAVE_AVX512VNNI_INTRIN -mavx512f -mavx512dq -mavx512bw -mavx512vl -mavx512vnni -mtune=cascadelake  -fno-lto   -std=c11 -o CMakeFiles/cmTC_a9381.dir/src.c.o   -c /home/nick/soft/adaptive_sampling_scripts/rust_scripts/get_groups/target/release/build/libz-sys-702be3ea2352c995/out/build/CMakeFiles/CMakeTmp/src.c
Linking C executable cmTC_a9381
/usr/bin/cmake -E cmake_link_script CMakeFiles/cmTC_a9381.dir/link.txt --verbose=1
/usr/bin/cc  -ffunction-sections -fdata-sections -fPIC -m64 -DHAVE_AVX512VNNI_INTRIN -mavx512f -mavx512dq -mavx512bw -mavx512vl -mavx512vnni -mtune=cascadelake  -fno-lto    CMakeFiles/cmTC_a9381.dir/src.c.o  -o cmTC_a9381 
make[1]: Leaving directory '/home/nick/soft/adaptive_sampling_scripts/rust_scripts/get_groups/target/release/build/libz-sys-702be3ea2352c995/out/build/CMakeFiles/CMakeTmp'


Source file was:
#include <immintrin.h>
        __m512i f(__m512i x, __m512i y) {
            __m512i z = _mm512_setzero_epi32();
            return _mm512_dpbusd_epi32(z, x, y);
        }
        int main(void) { return 0; }
Performing C SOURCE FILE Test HAVE_SSE42_INTRIN succeeded with the following output:
Change Dir: /home/nick/soft/adaptive_sampling_scripts/rust_scripts/get_groups/target/release/build/libz-sys-702be3ea2352c995/out/build/CMakeFiles/CMakeTmp

Run Build Command(s):/usr/bin/make cmTC_e335b/fast && /usr/bin/make -f CMakeFiles/cmTC_e335b.dir/build.make CMakeFiles/cmTC_e335b.dir/build
make[1]: Entering directory '/home/nick/soft/adaptive_sampling_scripts/rust_scripts/get_groups/target/release/build/libz-sys-702be3ea2352c995/out/build/CMakeFiles/CMakeTmp'
Building C object CMakeFiles/cmTC_e335b.dir/src.c.o
/usr/bin/cc   -ffunction-sections -fdata-sections -fPIC -m64 -DHAVE_SSE42_INTRIN -msse4.2  -fno-lto   -std=c11 -o CMakeFiles/cmTC_e335b.dir/src.c.o   -c /home/nick/soft/adaptive_sampling_scripts/rust_scripts/get_groups/target/release/build/libz-sys-702be3ea2352c995/out/build/CMakeFiles/CMakeTmp/src.c
Linking C executable cmTC_e335b
/usr/bin/cmake -E cmake_link_script CMakeFiles/cmTC_e335b.dir/link.txt --verbose=1
/usr/bin/cc  -ffunction-sections -fdata-sections -fPIC -m64 -DHAVE_SSE42_INTRIN -msse4.2  -fno-lto    CMakeFiles/cmTC_e335b.dir/src.c.o  -o cmTC_e335b 
make[1]: Leaving directory '/home/nick/soft/adaptive_sampling_scripts/rust_scripts/get_groups/target/release/build/libz-sys-702be3ea2352c995/out/build/CMakeFiles/CMakeTmp'


Source file was:
#include <nmmintrin.h>
        unsigned int f(unsigned int a, unsigned int b) { return _mm_crc32_u32(a, b); }
        int main(void) { return 0; }
Performing C SOURCE FILE Test HAVE_SSE2_INTRIN succeeded with the following output:
Change Dir: /home/nick/soft/adaptive_sampling_scripts/rust_scripts/get_groups/target/release/build/libz-sys-702be3ea2352c995/out/build/CMakeFiles/CMakeTmp

Run Build Command(s):/usr/bin/make cmTC_fc096/fast && /usr/bin/make -f CMakeFiles/cmTC_fc096.dir/build.make CMakeFiles/cmTC_fc096.dir/build
make[1]: Entering directory '/home/nick/soft/adaptive_sampling_scripts/rust_scripts/get_groups/target/release/build/libz-sys-702be3ea2352c995/out/build/CMakeFiles/CMakeTmp'
Building C object CMakeFiles/cmTC_fc096.dir/src.c.o
/usr/bin/cc   -ffunction-sections -fdata-sections -fPIC -m64 -DHAVE_SSE2_INTRIN -msse2  -fno-lto   -std=c11 -o CMakeFiles/cmTC_fc096.dir/src.c.o   -c /home/nick/soft/adaptive_sampling_scripts/rust_scripts/get_groups/target/release/build/libz-sys-702be3ea2352c995/out/build/CMakeFiles/CMakeTmp/src.c
Linking C executable cmTC_fc096
/usr/bin/cmake -E cmake_link_script CMakeFiles/cmTC_fc096.dir/link.txt --verbose=1
/usr/bin/cc  -ffunction-sections -fdata-sections -fPIC -m64 -DHAVE_SSE2_INTRIN -msse2  -fno-lto    CMakeFiles/cmTC_fc096.dir/src.c.o  -o cmTC_fc096 
make[1]: Leaving directory '/home/nick/soft/adaptive_sampling_scripts/rust_scripts/get_groups/target/release/build/libz-sys-702be3ea2352c995/out/build/CMakeFiles/CMakeTmp'


Source file was:
#include <immintrin.h>
        __m128i f(__m128i x, __m128i y) { return _mm_sad_epu8(x, y); }
        int main(void) { return 0; }
Performing C SOURCE FILE Test HAVE_SSSE3_INTRIN succeeded with the following output:
Change Dir: /home/nick/soft/adaptive_sampling_scripts/rust_scripts/get_groups/target/release/build/libz-sys-702be3ea2352c995/out/build/CMakeFiles/CMakeTmp

Run Build Command(s):/usr/bin/make cmTC_8efb8/fast && /usr/bin/make -f CMakeFiles/cmTC_8efb8.dir/build.make CMakeFiles/cmTC_8efb8.dir/build
make[1]: Entering directory '/home/nick/soft/adaptive_sampling_scripts/rust_scripts/get_groups/target/release/build/libz-sys-702be3ea2352c995/out/build/CMakeFiles/CMakeTmp'
Building C object CMakeFiles/cmTC_8efb8.dir/src.c.o
/usr/bin/cc   -ffunction-sections -fdata-sections -fPIC -m64 -DHAVE_SSSE3_INTRIN -mssse3  -fno-lto   -std=c11 -o CMakeFiles/cmTC_8efb8.dir/src.c.o   -c /home/nick/soft/adaptive_sampling_scripts/rust_scripts/get_groups/target/release/build/libz-sys-702be3ea2352c995/out/build/CMakeFiles/CMakeTmp/src.c
Linking C executable cmTC_8efb8
/usr/bin/cmake -E cmake_link_script CMakeFiles/cmTC_8efb8.dir/link.txt --verbose=1
/usr/bin/cc  -ffunction-sections -fdata-sections -fPIC -m64 -DHAVE_SSSE3_INTRIN -mssse3  -fno-lto    CMakeFiles/cmTC_8efb8.dir/src.c.o  -o cmTC_8efb8 
make[1]: Leaving directory '/home/nick/soft/adaptive_sampling_scripts/rust_scripts/get_groups/target/release/build/libz-sys-702be3ea2352c995/out/build/CMakeFiles/CMakeTmp'


Source file was:
#include <immintrin.h>
        __m128i f(__m128i u) {
          __m128i v = _mm_set1_epi32(1);
          return _mm_hadd_epi32(u, v);
        }
        int main(void) { return 0; }
Performing C SOURCE FILE Test HAVE_PCLMULQDQ_INTRIN succeeded with the following output:
Change Dir: /home/nick/soft/adaptive_sampling_scripts/rust_scripts/get_groups/target/release/build/libz-sys-702be3ea2352c995/out/build/CMakeFiles/CMakeTmp

Run Build Command(s):/usr/bin/make cmTC_1afe1/fast && /usr/bin/make -f CMakeFiles/cmTC_1afe1.dir/build.make CMakeFiles/cmTC_1afe1.dir/build
make[1]: Entering directory '/home/nick/soft/adaptive_sampling_scripts/rust_scripts/get_groups/target/release/build/libz-sys-702be3ea2352c995/out/build/CMakeFiles/CMakeTmp'
Building C object CMakeFiles/cmTC_1afe1.dir/src.c.o
/usr/bin/cc   -ffunction-sections -fdata-sections -fPIC -m64 -DHAVE_PCLMULQDQ_INTRIN -mpclmul  -fno-lto   -std=c11 -o CMakeFiles/cmTC_1afe1.dir/src.c.o   -c /home/nick/soft/adaptive_sampling_scripts/rust_scripts/get_groups/target/release/build/libz-sys-702be3ea2352c995/out/build/CMakeFiles/CMakeTmp/src.c
Linking C executable cmTC_1afe1
/usr/bin/cmake -E cmake_link_script CMakeFiles/cmTC_1afe1.dir/link.txt --verbose=1
/usr/bin/cc  -ffunction-sections -fdata-sections -fPIC -m64 -DHAVE_PCLMULQDQ_INTRIN -mpclmul  -fno-lto    CMakeFiles/cmTC_1afe1.dir/src.c.o  -o cmTC_1afe1 
make[1]: Leaving directory '/home/nick/soft/adaptive_sampling_scripts/rust_scripts/get_groups/target/release/build/libz-sys-702be3ea2352c995/out/build/CMakeFiles/CMakeTmp'


Source file was:
#include <immintrin.h>
            #include <wmmintrin.h>
            __m128i f(__m128i a, __m128i b) { return _mm_clmulepi64_si128(a, b, 0x10); }
            int main(void) { return 0; }
Performing C SOURCE FILE Test HAVE_VPCLMULQDQ_INTRIN succeeded with the following output:
Change Dir: /home/nick/soft/adaptive_sampling_scripts/rust_scripts/get_groups/target/release/build/libz-sys-702be3ea2352c995/out/build/CMakeFiles/CMakeTmp

Run Build Command(s):/usr/bin/make cmTC_7eef7/fast && /usr/bin/make -f CMakeFiles/cmTC_7eef7.dir/build.make CMakeFiles/cmTC_7eef7.dir/build
make[1]: Entering directory '/home/nick/soft/adaptive_sampling_scripts/rust_scripts/get_groups/target/release/build/libz-sys-702be3ea2352c995/out/build/CMakeFiles/CMakeTmp'
Building C object CMakeFiles/cmTC_7eef7.dir/src.c.o
/usr/bin/cc   -ffunction-sections -fdata-sections -fPIC -m64 -DHAVE_VPCLMULQDQ_INTRIN -mvpclmulqdq -mavx512f  -fno-lto   -std=c11 -o CMakeFiles/cmTC_7eef7.dir/src.c.o   -c /home/nick/soft/adaptive_sampling_scripts/rust_scripts/get_groups/target/release/build/libz-sys-702be3ea2352c995/out/build/CMakeFiles/CMakeTmp/src.c
Linking C executable cmTC_7eef7
/usr/bin/cmake -E cmake_link_script CMakeFiles/cmTC_7eef7.dir/link.txt --verbose=1
/usr/bin/cc  -ffunction-sections -fdata-sections -fPIC -m64 -DHAVE_VPCLMULQDQ_INTRIN -mvpclmulqdq -mavx512f  -fno-lto    CMakeFiles/cmTC_7eef7.dir/src.c.o  -o cmTC_7eef7 
make[1]: Leaving directory '/home/nick/soft/adaptive_sampling_scripts/rust_scripts/get_groups/target/release/build/libz-sys-702be3ea2352c995/out/build/CMakeFiles/CMakeTmp'


Source file was:
#include <immintrin.h>
            #include <wmmintrin.h>
            __m512i f(__m512i a) {
                __m512i b = _mm512_setzero_si512();
                return _mm512_clmulepi64_epi128(a, b, 0x10);
            }
            int main(void) { return 0; }
